Copyright 1986-2019 Xilinx, Inc. All Rights Reserved.
------------------------------------------------------------------------------------
| Tool Version : Vivado v.2019.1 (lin64) Build 2552052 Fri May 24 14:47:09 MDT 2019
| Date         : Thu Dec  3 17:56:31 2020
| Host         : www1.ino.tifr.res.in running 64-bit unknown
| Command      : upgrade_ip
| Device       : xczu4cg-sfvc784-2-e
------------------------------------------------------------------------------------

Upgrade Log for IP 'cpu_block_zynq_ultra_ps_e_0_0'

1. Summary
----------

SUCCESS in the upgrade of cpu_block_zynq_ultra_ps_e_0_0 (xilinx.com:ip:zynq_ultra_ps_e:3.3) from (Rev. 1)

2. Upgrade messages
-------------------

Set parameter PSU__GPIO_EMIO__PERIPHERAL__IO to value 95 (source 'default')
WARNING: upgrade cannot add parameter PSU__USE__USB3_0_HUB with default value 0 : a parameter called PSU__USE__USB3_0_HUB already exists in zynq_ultra_ps_e_v3_3
WARNING: upgrade cannot add parameter PSU__USE__USB3_1_HUB with default value 0 : a parameter called PSU__USE__USB3_1_HUB already exists in zynq_ultra_ps_e_v3_3
Set parameter PSU__PROTECTION__FPD_SEGMENTS to value SA:0xFD1A0000; SIZE:1280; UNIT:KB; RegionTZ:Secure; WrAllowed:Read/Write; subsystemId:PMU Firmware  |   SA:0xFD000000; SIZE:64; UNIT:KB; RegionTZ:Secure; WrAllowed:Read/Write; subsystemId:PMU Firmware  |   SA:0xFD010000; SIZE:64; UNIT:KB; RegionTZ:Secure; WrAllowed:Read/Write; subsystemId:PMU Firmware  |   SA:0xFD020000; SIZE:64; UNIT:KB; RegionTZ:Secure; WrAllowed:Read/Write; subsystemId:PMU Firmware  |   SA:0xFD030000; SIZE:64; UNIT:KB; RegionTZ:Secure; WrAllowed:Read/Write; subsystemId:PMU Firmware  |   SA:0xFD040000; SIZE:64; UNIT:KB; RegionTZ:Secure; WrAllowed:Read/Write; subsystemId:PMU Firmware  |   SA:0xFD050000; SIZE:64; UNIT:KB; RegionTZ:Secure; WrAllowed:Read/Write; subsystemId:PMU Firmware  |   SA:0xFD610000; SIZE:512; UNIT:KB; RegionTZ:Secure; WrAllowed:Read/Write; subsystemId:PMU Firmware  |   SA:0xFD5D0000; SIZE:64; UNIT:KB; RegionTZ:Secure; WrAllowed:Read/Write; subsystemId:PMU Firmware  |  SA:0xFD1A0000 ; SIZE:1280; UNIT:KB; RegionTZ:Secure ; WrAllowed:Read/Write; subsystemId:Secure Subsystem (source 'default')






Copyright 1986-2019 Xilinx, Inc. All Rights Reserved.
------------------------------------------------------------------------------------
| Tool Version : Vivado v.2019.1 (lin64) Build 2552052 Fri May 24 14:47:09 MDT 2019
| Date         : Thu Dec  3 17:56:31 2020
| Host         : www1.ino.tifr.res.in running 64-bit unknown
| Command      : upgrade_ip
| Device       : xczu4cg-sfvc784-2-e
------------------------------------------------------------------------------------

Upgrade Log for IP 'cpu_block_xlconstant_1_0'

1. Summary
----------

SUCCESS in the conversion of cpu_block_xlconstant_1_0 (xilinx.com:ip:xlconstant:1.1 (Rev. 6)) to Vivado generation flows.






Copyright 1986-2019 Xilinx, Inc. All Rights Reserved.
------------------------------------------------------------------------------------
| Tool Version : Vivado v.2019.1 (lin64) Build 2552052 Fri May 24 14:47:09 MDT 2019
| Date         : Thu Dec  3 17:56:31 2020
| Host         : www1.ino.tifr.res.in running 64-bit unknown
| Command      : upgrade_ip
| Device       : xczu4cg-sfvc784-2-e
------------------------------------------------------------------------------------

Upgrade Log for IP 'cpu_block_xlconstant_0_0'

1. Summary
----------

SUCCESS in the conversion of cpu_block_xlconstant_0_0 (xilinx.com:ip:xlconstant:1.1 (Rev. 6)) to Vivado generation flows.






Copyright 1986-2019 Xilinx, Inc. All Rights Reserved.
------------------------------------------------------------------------------------
| Tool Version : Vivado v.2019.1 (lin64) Build 2552052 Fri May 24 14:47:09 MDT 2019
| Date         : Thu Dec  3 17:56:31 2020
| Host         : www1.ino.tifr.res.in running 64-bit unknown
| Command      : upgrade_ip
| Device       : xczu4cg-sfvc784-2-e
------------------------------------------------------------------------------------

Upgrade Log for IP 'cpu_block_util_ds_buf_0_1'

1. Summary
----------

CAUTION (success, with warnings) in the upgrade of cpu_block_util_ds_buf_0_1 (xilinx.com:ip:util_ds_buf:2.1) from (Rev. 21) to (Rev. 19)

After upgrade, an IP may have parameter differences compared to the original customization. Please review the parameters within the IP customization GUI to ensure proper functionality.

2. Customization warnings
-------------------------

Parameter 'C_BUFG_GT_SYNC' is no longer present on the upgraded IP 'cpu_block_util_ds_buf_0_1', and cannot be set to 'false'


3. Debug Commands
-----------------

  The following debug information can be passed to Vivado as Tcl commands,
in order to validate or debug the output of the upgrade flow.
  You may consult any warnings from within this upgrade, and alter or remove
the configuration parameter(s) which caused the warning; then execute the Tcl
commands, and use the IP Customization GUI to verify the IP configuration.

create_ip -vlnv xilinx.com:ip:util_ds_buf:2.1 -user_name cpu_block_util_ds_buf_0_1
set_property -dict "\
  CONFIG.C_BUFGCE_DIV {1} \
  CONFIG.C_BUF_TYPE {IOBUF} \
  CONFIG.C_SIZE {1} \
  CONFIG.Component_Name {cpu_block_util_ds_buf_0_1} \
  CONFIG.DIFF_CLK_IN_BOARD_INTERFACE {Custom} \
  CONFIG.USE_BOARD_FLOW {false} " [get_ips cpu_block_util_ds_buf_0_1]







Copyright 1986-2019 Xilinx, Inc. All Rights Reserved.
------------------------------------------------------------------------------------
| Tool Version : Vivado v.2019.1 (lin64) Build 2552052 Fri May 24 14:47:09 MDT 2019
| Date         : Thu Dec  3 17:56:31 2020
| Host         : www1.ino.tifr.res.in running 64-bit unknown
| Command      : upgrade_ip
| Device       : xczu4cg-sfvc784-2-e
------------------------------------------------------------------------------------

Upgrade Log for IP 'cpu_block_util_ds_buf_0_0'

1. Summary
----------

CAUTION (success, with warnings) in the upgrade of cpu_block_util_ds_buf_0_0 (xilinx.com:ip:util_ds_buf:2.1) from (Rev. 21) to (Rev. 19)

After upgrade, an IP may have parameter differences compared to the original customization. Please review the parameters within the IP customization GUI to ensure proper functionality.

2. Customization warnings
-------------------------

Parameter 'C_BUFG_GT_SYNC' is no longer present on the upgraded IP 'cpu_block_util_ds_buf_0_0', and cannot be set to 'false'


3. Debug Commands
-----------------

  The following debug information can be passed to Vivado as Tcl commands,
in order to validate or debug the output of the upgrade flow.
  You may consult any warnings from within this upgrade, and alter or remove
the configuration parameter(s) which caused the warning; then execute the Tcl
commands, and use the IP Customization GUI to verify the IP configuration.

create_ip -vlnv xilinx.com:ip:util_ds_buf:2.1 -user_name cpu_block_util_ds_buf_0_0
set_property -dict "\
  CONFIG.C_BUFGCE_DIV {1} \
  CONFIG.C_BUF_TYPE {IOBUF} \
  CONFIG.C_SIZE {1} \
  CONFIG.Component_Name {cpu_block_util_ds_buf_0_0} \
  CONFIG.DIFF_CLK_IN_BOARD_INTERFACE {Custom} \
  CONFIG.USE_BOARD_FLOW {false} " [get_ips cpu_block_util_ds_buf_0_0]







Copyright 1986-2019 Xilinx, Inc. All Rights Reserved.
------------------------------------------------------------------------------------
| Tool Version : Vivado v.2019.1 (lin64) Build 2552052 Fri May 24 14:47:09 MDT 2019
| Date         : Thu Dec  3 17:56:31 2020
| Host         : www1.ino.tifr.res.in running 64-bit unknown
| Command      : upgrade_ip
| Device       : xczu4cg-sfvc784-2-e
------------------------------------------------------------------------------------

Upgrade Log for IP 'cpu_block_clk_wiz_0_0'

1. Summary
----------

SUCCESS in the upgrade of cpu_block_clk_wiz_0_0 (xilinx.com:ip:clk_wiz:6.0) from (Rev. 4) to (Rev. 3)






Copyright 1986-2019 Xilinx, Inc. All Rights Reserved.
------------------------------------------------------------------------------------
| Tool Version : Vivado v.2019.1 (lin64) Build 2552052 Fri May 24 14:47:09 MDT 2019
| Date         : Thu Dec  3 17:56:31 2020
| Host         : www1.ino.tifr.res.in running 64-bit unknown
| Command      : upgrade_ip
| Device       : xczu4cg-sfvc784-2-e
------------------------------------------------------------------------------------

Upgrade Log for IP 'cpu_block_blk_mem_gen_0_0'

1. Summary
----------

SUCCESS in the upgrade of cpu_block_blk_mem_gen_0_0 (xilinx.com:ip:blk_mem_gen:8.4) from (Rev. 4) to (Rev. 3)






Copyright 1986-2019 Xilinx, Inc. All Rights Reserved.
------------------------------------------------------------------------------------
| Tool Version : Vivado v.2019.1 (lin64) Build 2552052 Fri May 24 14:47:09 MDT 2019
| Date         : Thu Dec  3 17:56:31 2020
| Host         : www1.ino.tifr.res.in running 64-bit unknown
| Command      : upgrade_ip
| Device       : xczu4cg-sfvc784-2-e
------------------------------------------------------------------------------------

Upgrade Log for IP 'cpu_block_axi_interconnect_0_0'

1. Summary
----------

SUCCESS in the upgrade of cpu_block_axi_interconnect_0_0 (xilinx.com:ip:axi_interconnect:2.1) from (Rev. 21) to (Rev. 20)






Copyright 1986-2019 Xilinx, Inc. All Rights Reserved.
------------------------------------------------------------------------------------
| Tool Version : Vivado v.2019.1 (lin64) Build 2552052 Fri May 24 14:47:09 MDT 2019
| Date         : Thu Dec  3 17:56:31 2020
| Host         : www1.ino.tifr.res.in running 64-bit unknown
| Command      : upgrade_ip
| Device       : xczu4cg-sfvc784-2-e
------------------------------------------------------------------------------------

Upgrade Log for IP 'cpu_block_axi_chip2chip_0_0'

1. Summary
----------

SUCCESS in the upgrade of cpu_block_axi_chip2chip_0_0 (xilinx.com:ip:axi_chip2chip:5.0) from (Rev. 7) to (Rev. 5)






Copyright 1986-2019 Xilinx, Inc. All Rights Reserved.
------------------------------------------------------------------------------------
| Tool Version : Vivado v.2019.1 (lin64) Build 2552052 Fri May 24 14:47:09 MDT 2019
| Date         : Thu Dec  3 17:56:31 2020
| Host         : www1.ino.tifr.res.in running 64-bit unknown
| Command      : upgrade_ip
| Device       : xczu4cg-sfvc784-2-e
------------------------------------------------------------------------------------

Upgrade Log for IP 'cpu_block_axi_bram_ctrl_1_0'

1. Summary
----------

SUCCESS in the upgrade of cpu_block_axi_bram_ctrl_1_0 (xilinx.com:ip:axi_bram_ctrl:4.1) from (Rev. 2) to (Rev. 1)

2. Upgrade messages
-------------------

WARNING: upgrade cannot remove parameter C_SELECT_XPM : there is no parameter called C_SELECT_XPM in axi_bram_ctrl_v4_1






Copyright 1986-2019 Xilinx, Inc. All Rights Reserved.
------------------------------------------------------------------------------------
| Tool Version : Vivado v.2019.1 (lin64) Build 2552052 Fri May 24 14:47:09 MDT 2019
| Date         : Thu Dec  3 17:56:31 2020
| Host         : www1.ino.tifr.res.in running 64-bit unknown
| Command      : upgrade_ip
| Device       : xczu4cg-sfvc784-2-e
------------------------------------------------------------------------------------

Upgrade Log for IP 'cpu_block_axi_bram_ctrl_0_0'

1. Summary
----------

SUCCESS in the upgrade of cpu_block_axi_bram_ctrl_0_0 (xilinx.com:ip:axi_bram_ctrl:4.1) from (Rev. 2) to (Rev. 1)

2. Upgrade messages
-------------------

WARNING: upgrade cannot remove parameter C_SELECT_XPM : there is no parameter called C_SELECT_XPM in axi_bram_ctrl_v4_1






Copyright 1986-2019 Xilinx, Inc. All Rights Reserved.
------------------------------------------------------------------------------------
| Tool Version : Vivado v.2019.1 (lin64) Build 2552052 Fri May 24 14:47:09 MDT 2019
| Date         : Thu Dec  3 17:56:31 2020
| Host         : www1.ino.tifr.res.in running 64-bit unknown
| Command      : upgrade_ip
| Device       : xczu4cg-sfvc784-2-e
------------------------------------------------------------------------------------

Upgrade Log for IP 'cpu_block_aurora_64b66b_0_1'

1. Summary
----------

SUCCESS in the upgrade of cpu_block_aurora_64b66b_0_1 (xilinx.com:ip:aurora_64b66b:12.0) from (Rev. 1)

